Build started 02/10/2014 11:58:40.
     1>Project "D:\Workspace\Laig1\Laig1\Laig1.vcxproj" on node 2 (Rebuild target(s)).
     1>_PrepareForClean:
         Deleting file "Debug\Laig1.lastbuildstate".
       InitializeBuildStatus:
         Creating "Debug\Laig1.unsuccessfulbuild" because "AlwaysCreate" was specified.
       ClCompile:
         C:\Program Files (x86)\Microsoft Visual Studio 11.0\VC\bin\CL.exe /c /ID:\Programas\CGRA_Libraries\include /ZI /nologo /W3 /WX- /Od /Oy- /D _MBCS /Gm /EHsc /RTC1 /MDd /GS /fp:precise /Zc:wchar_t /Zc:forScope /Fo"Debug\\" /Fd"Debug\vc110.pdb" /Gd /TP /analyze- /errorReport:prompt ..\src\ANFScene.cpp ..\src\tinystr.cpp ..\src\XMLScene.cpp
         XMLScene.cpp
     1>d:\workspace\laig1\src\xmlscene.cpp(72): warning C4996: 'sscanf': This function or variable may be unsafe. Consider using sscanf_s instead. To disable deprecation, use _CRT_SECURE_NO_WARNINGS. See online help for details.
                 c:\program files (x86)\microsoft visual studio 11.0\vc\include\stdio.h(311) : see declaration of 'sscanf'
         tinystr.cpp
         ANFScene.cpp
     1>d:\workspace\laig1\src\anfscene.cpp(72): warning C4101: 'bottom' : unreferenced local variable
     1>d:\workspace\laig1\src\anfscene.cpp(72): warning C4101: 'direction' : unreferenced local variable
     1>d:\workspace\laig1\src\anfscene.cpp(72): warning C4101: 'left' : unreferenced local variable
     1>d:\workspace\laig1\src\anfscene.cpp(72): warning C4101: 'right' : unreferenced local variable
     1>d:\workspace\laig1\src\anfscene.cpp(72): warning C4101: 'top' : unreferenced local variable
         Generating Code...
       Link:
         C:\Program Files (x86)\Microsoft Visual Studio 11.0\VC\bin\link.exe /ERRORREPORT:PROMPT /OUT:"D:\Workspace\Laig1\Debug\Laig1.exe" /INCREMENTAL /NOLOGO /LIBPATH:D:\Programas\CGRA_Libraries\lib glew32.lib CGFlibd.lib tinyxml.lib kernel32.lib user32.lib gdi32.lib winspool.lib comdlg32.lib advapi32.lib shell32.lib ole32.lib oleaut32.lib uuid.lib odbc32.lib odbccp32.lib /MANIFEST /MANIFESTUAC:"level='asInvoker' uiAccess='false'" /manifest:embed /DEBUG /PDB:"D:\Workspace\Laig1\Debug\Laig1.pdb" /TLBID:1 /DYNAMICBASE /NXCOMPAT /IMPLIB:"D:\Workspace\Laig1\Debug\Laig1.lib" /MACHINE:X86 Debug\ANFScene.obj
         Debug\tinystr.obj
         Debug\XMLScene.obj
     1>LINK : warning LNK4098: defaultlib 'LIBCMT' conflicts with use of other libs; use /NODEFAULTLIB:library
     1>tinyxml.lib(tinyxml.obj) : warning LNK4099: PDB 'vc100.pdb' was not found with 'tinyxml.lib(tinyxml.obj)' or at 'D:\Workspace\Laig1\Debug\vc100.pdb'; linking object as if no debug info
     1>tinyxml.lib(tinyxmlerror.obj) : warning LNK4099: PDB 'vc100.pdb' was not found with 'tinyxml.lib(tinyxmlerror.obj)' or at 'D:\Workspace\Laig1\Debug\vc100.pdb'; linking object as if no debug info
     1>tinyxml.lib(tinyxmlparser.obj) : warning LNK4099: PDB 'vc100.pdb' was not found with 'tinyxml.lib(tinyxmlparser.obj)' or at 'D:\Workspace\Laig1\Debug\vc100.pdb'; linking object as if no debug info
         Laig1.vcxproj -> D:\Workspace\Laig1\Debug\Laig1.exe
       FinalizeBuildStatus:
         Deleting file "Debug\Laig1.unsuccessfulbuild".
         Touching "Debug\Laig1.lastbuildstate".
     1>Done Building Project "D:\Workspace\Laig1\Laig1\Laig1.vcxproj" (Rebuild target(s)).

Build succeeded.

Time Elapsed 00:00:02.42
