D:\WORKSPACE-GITHUB\MIEIC-2014-15-1SEMESTRE\LAIG\LAIG1\LAIG1\DEBUG\ANFSCENE.OBJ
D:\WORKSPACE-GITHUB\MIEIC-2014-15-1SEMESTRE\LAIG\LAIG1\LAIG1\DEBUG\APPEARANCE.OBJ
D:\WORKSPACE-GITHUB\MIEIC-2014-15-1SEMESTRE\LAIG\LAIG1\LAIG1\DEBUG\CAMERAS.OBJ
D:\WORKSPACE-GITHUB\MIEIC-2014-15-1SEMESTRE\LAIG\LAIG1\LAIG1\DEBUG\GLOBALS.OBJ
D:\WORKSPACE-GITHUB\MIEIC-2014-15-1SEMESTRE\LAIG\LAIG1\LAIG1\DEBUG\GRAPH.OBJ
D:\WORKSPACE-GITHUB\MIEIC-2014-15-1SEMESTRE\LAIG\LAIG1\LAIG1\DEBUG\NODE.OBJ
D:\WORKSPACE-GITHUB\MIEIC-2014-15-1SEMESTRE\LAIG\LAIG1\LAIG1\DEBUG\PRIMITIVES.OBJ
D:\WORKSPACE-GITHUB\MIEIC-2014-15-1SEMESTRE\LAIG\LAIG1\LAIG1\DEBUG\TEXTURES.OBJ
D:\WORKSPACE-GITHUB\MIEIC-2014-15-1SEMESTRE\LAIG\LAIG1\LAIG1\DEBUG\TINYSTR.OBJ
D:\WORKSPACE-GITHUB\MIEIC-2014-15-1SEMESTRE\LAIG\LAIG1\LAIG1\DEBUG\VC110.PDB
D:\WORKSPACE-GITHUB\MIEIC-2014-15-1SEMESTRE\LAIG\LAIG1\LAIG1\DEBUG\TPINTERFACE.OBJ
D:\WORKSPACE-GITHUB\MIEIC-2014-15-1SEMESTRE\LAIG\LAIG1\LAIG1\DEBUG\LIGHTS.OBJ
D:\WORKSPACE-GITHUB\MIEIC-2014-15-1SEMESTRE\LAIG\LAIG1\LAIG1\DEBUG\MAIN.OBJ
D:\WORKSPACE-GITHUB\MIEIC-2014-15-1SEMESTRE\LAIG\LAIG1\DEBUG\LAIG1.ILK
D:\WORKSPACE-GITHUB\MIEIC-2014-15-1SEMESTRE\LAIG\LAIG1\DEBUG\LAIG1.EXE
D:\WORKSPACE-GITHUB\MIEIC-2014-15-1SEMESTRE\LAIG\LAIG1\DEBUG\LAIG1.PDB
D:\Workspace-GitHub\MIEIC-2014-15-1Semestre\LAIG\Laig1\Laig1\Debug\ANFScene.obj
D:\Workspace-GitHub\MIEIC-2014-15-1Semestre\LAIG\Laig1\Laig1\Debug\Appearance.obj
D:\Workspace-GitHub\MIEIC-2014-15-1Semestre\LAIG\Laig1\Laig1\Debug\Cameras.obj
D:\Workspace-GitHub\MIEIC-2014-15-1Semestre\LAIG\Laig1\Laig1\Debug\Globals.obj
D:\Workspace-GitHub\MIEIC-2014-15-1Semestre\LAIG\Laig1\Laig1\Debug\Graph.obj
D:\Workspace-GitHub\MIEIC-2014-15-1Semestre\LAIG\Laig1\Laig1\Debug\Lights.obj
D:\Workspace-GitHub\MIEIC-2014-15-1Semestre\LAIG\Laig1\Laig1\Debug\main.obj
D:\Workspace-GitHub\MIEIC-2014-15-1Semestre\LAIG\Laig1\Laig1\Debug\Node.obj
D:\Workspace-GitHub\MIEIC-2014-15-1Semestre\LAIG\Laig1\Laig1\Debug\Primitives.obj
D:\Workspace-GitHub\MIEIC-2014-15-1Semestre\LAIG\Laig1\Laig1\Debug\Textures.obj
D:\Workspace-GitHub\MIEIC-2014-15-1Semestre\LAIG\Laig1\Laig1\Debug\tinystr.obj
D:\Workspace-GitHub\MIEIC-2014-15-1Semestre\LAIG\Laig1\Laig1\Debug\TPinterface.obj
D:\Workspace-GitHub\MIEIC-2014-15-1Semestre\LAIG\Laig1\Laig1\Debug\cl.command.1.tlog
D:\Workspace-GitHub\MIEIC-2014-15-1Semestre\LAIG\Laig1\Laig1\Debug\CL.read.1.tlog
D:\Workspace-GitHub\MIEIC-2014-15-1Semestre\LAIG\Laig1\Laig1\Debug\CL.write.1.tlog
D:\Workspace-GitHub\MIEIC-2014-15-1Semestre\LAIG\Laig1\Laig1\Debug\link-cvtres.read.1.tlog
D:\Workspace-GitHub\MIEIC-2014-15-1Semestre\LAIG\Laig1\Laig1\Debug\link-cvtres.write.1.tlog
D:\Workspace-GitHub\MIEIC-2014-15-1Semestre\LAIG\Laig1\Laig1\Debug\link-rc.read.1.tlog
D:\Workspace-GitHub\MIEIC-2014-15-1Semestre\LAIG\Laig1\Laig1\Debug\link-rc.write.1.tlog
D:\Workspace-GitHub\MIEIC-2014-15-1Semestre\LAIG\Laig1\Laig1\Debug\link.188-cvtres.read.1.tlog
D:\Workspace-GitHub\MIEIC-2014-15-1Semestre\LAIG\Laig1\Laig1\Debug\link.188-cvtres.write.1.tlog
D:\Workspace-GitHub\MIEIC-2014-15-1Semestre\LAIG\Laig1\Laig1\Debug\link.188-rc.read.1.tlog
D:\Workspace-GitHub\MIEIC-2014-15-1Semestre\LAIG\Laig1\Laig1\Debug\link.188-rc.write.1.tlog
D:\Workspace-GitHub\MIEIC-2014-15-1Semestre\LAIG\Laig1\Laig1\Debug\link.188.read.1.tlog
D:\Workspace-GitHub\MIEIC-2014-15-1Semestre\LAIG\Laig1\Laig1\Debug\link.188.write.1.tlog
D:\Workspace-GitHub\MIEIC-2014-15-1Semestre\LAIG\Laig1\Laig1\Debug\link.1928-cvtres.read.1.tlog
D:\Workspace-GitHub\MIEIC-2014-15-1Semestre\LAIG\Laig1\Laig1\Debug\link.1928-cvtres.write.1.tlog
D:\Workspace-GitHub\MIEIC-2014-15-1Semestre\LAIG\Laig1\Laig1\Debug\link.1928-rc.read.1.tlog
D:\Workspace-GitHub\MIEIC-2014-15-1Semestre\LAIG\Laig1\Laig1\Debug\link.1928-rc.write.1.tlog
D:\Workspace-GitHub\MIEIC-2014-15-1Semestre\LAIG\Laig1\Laig1\Debug\link.1928.read.1.tlog
D:\Workspace-GitHub\MIEIC-2014-15-1Semestre\LAIG\Laig1\Laig1\Debug\link.1928.write.1.tlog
D:\Workspace-GitHub\MIEIC-2014-15-1Semestre\LAIG\Laig1\Laig1\Debug\link.3240-cvtres.read.1.tlog
D:\Workspace-GitHub\MIEIC-2014-15-1Semestre\LAIG\Laig1\Laig1\Debug\link.3240-cvtres.write.1.tlog
D:\Workspace-GitHub\MIEIC-2014-15-1Semestre\LAIG\Laig1\Laig1\Debug\link.3240-rc.read.1.tlog
D:\Workspace-GitHub\MIEIC-2014-15-1Semestre\LAIG\Laig1\Laig1\Debug\link.3240-rc.write.1.tlog
D:\Workspace-GitHub\MIEIC-2014-15-1Semestre\LAIG\Laig1\Laig1\Debug\link.3240.read.1.tlog
D:\Workspace-GitHub\MIEIC-2014-15-1Semestre\LAIG\Laig1\Laig1\Debug\link.3240.write.1.tlog
D:\Workspace-GitHub\MIEIC-2014-15-1Semestre\LAIG\Laig1\Laig1\Debug\link.4576-cvtres.read.1.tlog
D:\Workspace-GitHub\MIEIC-2014-15-1Semestre\LAIG\Laig1\Laig1\Debug\link.4576-cvtres.write.1.tlog
D:\Workspace-GitHub\MIEIC-2014-15-1Semestre\LAIG\Laig1\Laig1\Debug\link.4576-rc.read.1.tlog
D:\Workspace-GitHub\MIEIC-2014-15-1Semestre\LAIG\Laig1\Laig1\Debug\link.4576-rc.write.1.tlog
D:\Workspace-GitHub\MIEIC-2014-15-1Semestre\LAIG\Laig1\Laig1\Debug\link.4576.read.1.tlog
D:\Workspace-GitHub\MIEIC-2014-15-1Semestre\LAIG\Laig1\Laig1\Debug\link.4576.write.1.tlog
D:\Workspace-GitHub\MIEIC-2014-15-1Semestre\LAIG\Laig1\Laig1\Debug\link.5408-cvtres.read.1.tlog
D:\Workspace-GitHub\MIEIC-2014-15-1Semestre\LAIG\Laig1\Laig1\Debug\link.5408-cvtres.write.1.tlog
D:\Workspace-GitHub\MIEIC-2014-15-1Semestre\LAIG\Laig1\Laig1\Debug\link.5408-rc.read.1.tlog
D:\Workspace-GitHub\MIEIC-2014-15-1Semestre\LAIG\Laig1\Laig1\Debug\link.5408-rc.write.1.tlog
D:\Workspace-GitHub\MIEIC-2014-15-1Semestre\LAIG\Laig1\Laig1\Debug\link.5408.read.1.tlog
D:\Workspace-GitHub\MIEIC-2014-15-1Semestre\LAIG\Laig1\Laig1\Debug\link.5408.write.1.tlog
D:\Workspace-GitHub\MIEIC-2014-15-1Semestre\LAIG\Laig1\Laig1\Debug\link.5508-cvtres.read.1.tlog
D:\Workspace-GitHub\MIEIC-2014-15-1Semestre\LAIG\Laig1\Laig1\Debug\link.5508-cvtres.write.1.tlog
D:\Workspace-GitHub\MIEIC-2014-15-1Semestre\LAIG\Laig1\Laig1\Debug\link.5508-rc.read.1.tlog
D:\Workspace-GitHub\MIEIC-2014-15-1Semestre\LAIG\Laig1\Laig1\Debug\link.5508-rc.write.1.tlog
D:\Workspace-GitHub\MIEIC-2014-15-1Semestre\LAIG\Laig1\Laig1\Debug\link.5508.read.1.tlog
D:\Workspace-GitHub\MIEIC-2014-15-1Semestre\LAIG\Laig1\Laig1\Debug\link.5508.write.1.tlog
D:\Workspace-GitHub\MIEIC-2014-15-1Semestre\LAIG\Laig1\Laig1\Debug\link.5792-cvtres.read.1.tlog
D:\Workspace-GitHub\MIEIC-2014-15-1Semestre\LAIG\Laig1\Laig1\Debug\link.5792-cvtres.write.1.tlog
D:\Workspace-GitHub\MIEIC-2014-15-1Semestre\LAIG\Laig1\Laig1\Debug\link.5792-rc.read.1.tlog
D:\Workspace-GitHub\MIEIC-2014-15-1Semestre\LAIG\Laig1\Laig1\Debug\link.5792-rc.write.1.tlog
D:\Workspace-GitHub\MIEIC-2014-15-1Semestre\LAIG\Laig1\Laig1\Debug\link.5792.read.1.tlog
D:\Workspace-GitHub\MIEIC-2014-15-1Semestre\LAIG\Laig1\Laig1\Debug\link.5792.write.1.tlog
D:\Workspace-GitHub\MIEIC-2014-15-1Semestre\LAIG\Laig1\Laig1\Debug\link.5968-cvtres.read.1.tlog
D:\Workspace-GitHub\MIEIC-2014-15-1Semestre\LAIG\Laig1\Laig1\Debug\link.5968-cvtres.write.1.tlog
D:\Workspace-GitHub\MIEIC-2014-15-1Semestre\LAIG\Laig1\Laig1\Debug\link.5968-rc.read.1.tlog
D:\Workspace-GitHub\MIEIC-2014-15-1Semestre\LAIG\Laig1\Laig1\Debug\link.5968-rc.write.1.tlog
D:\Workspace-GitHub\MIEIC-2014-15-1Semestre\LAIG\Laig1\Laig1\Debug\link.5968.read.1.tlog
D:\Workspace-GitHub\MIEIC-2014-15-1Semestre\LAIG\Laig1\Laig1\Debug\link.5968.write.1.tlog
D:\Workspace-GitHub\MIEIC-2014-15-1Semestre\LAIG\Laig1\Laig1\Debug\link.6276-cvtres.read.1.tlog
D:\Workspace-GitHub\MIEIC-2014-15-1Semestre\LAIG\Laig1\Laig1\Debug\link.6276-cvtres.write.1.tlog
D:\Workspace-GitHub\MIEIC-2014-15-1Semestre\LAIG\Laig1\Laig1\Debug\link.6276-rc.read.1.tlog
D:\Workspace-GitHub\MIEIC-2014-15-1Semestre\LAIG\Laig1\Laig1\Debug\link.6276-rc.write.1.tlog
D:\Workspace-GitHub\MIEIC-2014-15-1Semestre\LAIG\Laig1\Laig1\Debug\link.6276.read.1.tlog
D:\Workspace-GitHub\MIEIC-2014-15-1Semestre\LAIG\Laig1\Laig1\Debug\link.6276.write.1.tlog
D:\Workspace-GitHub\MIEIC-2014-15-1Semestre\LAIG\Laig1\Laig1\Debug\link.7012-cvtres.read.1.tlog
D:\Workspace-GitHub\MIEIC-2014-15-1Semestre\LAIG\Laig1\Laig1\Debug\link.7012-cvtres.write.1.tlog
D:\Workspace-GitHub\MIEIC-2014-15-1Semestre\LAIG\Laig1\Laig1\Debug\link.7012-rc.read.1.tlog
D:\Workspace-GitHub\MIEIC-2014-15-1Semestre\LAIG\Laig1\Laig1\Debug\link.7012-rc.write.1.tlog
D:\Workspace-GitHub\MIEIC-2014-15-1Semestre\LAIG\Laig1\Laig1\Debug\link.7012.read.1.tlog
D:\Workspace-GitHub\MIEIC-2014-15-1Semestre\LAIG\Laig1\Laig1\Debug\link.7012.write.1.tlog
D:\Workspace-GitHub\MIEIC-2014-15-1Semestre\LAIG\Laig1\Laig1\Debug\link.command.1.tlog
D:\Workspace-GitHub\MIEIC-2014-15-1Semestre\LAIG\Laig1\Laig1\Debug\link.read.1.tlog
D:\Workspace-GitHub\MIEIC-2014-15-1Semestre\LAIG\Laig1\Laig1\Debug\link.write.1.tlog
D:\Workspace-GitHub\MIEIC-2014-15-1Semestre\LAIG\Laig1\Laig1\Debug\vc110.idb
D:\Workspace-GitHub\MIEIC-2014-15-1Semestre\LAIG\Laig1\Laig1\Debug\vc110.pdb
D:\Workspace-GitHub\MIEIC-2014-15-1Semestre\LAIG\Laig1\Debug\Laig1.pdb
D:\Workspace-GitHub\MIEIC-2014-15-1Semestre\LAIG\Laig1\Debug\Laig1.exe
D:\Workspace-GitHub\MIEIC-2014-15-1Semestre\LAIG\Laig1\Debug\Laig1.ilk
